<?xml version="1.0" encoding="UTF-8"?>
<!-- Generated by org.testng.reporters.JUnitReportReporter -->
<testsuite skipped="0" hostname="SELENIUM" name="com.durgasoft.ecommerce.homePage.TC001_CustomerRegistration" tests="1" failures="0" timestamp="02 Nov 2018 14:02:10 GMT" time="33.453" errors="0">
  <testcase name="customerRegistration" time="33.453" classname="com.durgasoft.ecommerce.homePage.TC001_CustomerRegistration"/>
</testsuite> <!-- com.durgasoft.ecommerce.homePage.TC001_CustomerRegistration -->
