<?xml version="1.0" encoding="UTF-8"?>
<!-- Generated by org.testng.reporters.JUnitReportReporter -->
<testsuite skipped="0" hostname="SELENIUM" name="com.durgasoft.selenium.testng.programs.PrintLinks" tests="1" failures="0" timestamp="27 Aug 2018 13:26:43 GMT" time="113.870" errors="0">
  <testcase name="linksPrinting" time="113.870" classname="com.durgasoft.selenium.testng.programs.PrintLinks"/>
</testsuite> <!-- com.durgasoft.selenium.testng.programs.PrintLinks -->
