<?xml version="1.0" encoding="UTF-8"?>
<!-- Generated by org.testng.reporters.JUnitReportReporter -->
<testsuite skipped="2" hostname="SELENIUM" name="com.durgasoft.selenium.testng.programs.ResizeObject" tests="3" failures="0" timestamp="21 Sep 2018 13:51:33 GMT" time="0.329" errors="0">
  <testcase name="slider" time="0.329" classname="com.durgasoft.selenium.testng.programs.ResizeObject"/>
  <testcase name="resizeMethod" classname="com.durgasoft.selenium.testng.programs.ResizeObject">
    <skipped/>
  </testcase> <!-- resizeMethod -->
  <testcase name="rightClickOnElement" classname="com.durgasoft.selenium.testng.programs.ResizeObject">
    <skipped/>
  </testcase> <!-- rightClickOnElement -->
</testsuite> <!-- com.durgasoft.selenium.testng.programs.ResizeObject -->
