<?xml version="1.0" encoding="UTF-8"?>
<!-- Generated by org.testng.reporters.JUnitReportReporter -->
<testsuite skipped="0" hostname="SELENIUM" name="com.durgasoft.selenium.testng.programs.UploadImage" tests="1" failures="0" timestamp="07 Sep 2018 13:26:51 GMT" time="17.343" errors="0">
  <testcase name="f" time="17.343" classname="com.durgasoft.selenium.testng.programs.UploadImage"/>
</testsuite> <!-- com.durgasoft.selenium.testng.programs.UploadImage -->
