<?xml version="1.0" encoding="UTF-8"?>
<!-- Generated by org.testng.reporters.JUnitReportReporter -->
<testsuite skipped="0" hostname="SELENIUM" name="com.durgasoft.selenium.testng.programs.BrokenLinks" tests="1" failures="0" timestamp="29 Aug 2018 13:52:49 GMT" time="11.452" errors="0">
  <testcase name="brokenLink" time="11.452" classname="com.durgasoft.selenium.testng.programs.BrokenLinks"/>
</testsuite> <!-- com.durgasoft.selenium.testng.programs.BrokenLinks -->
