<?xml version="1.0" encoding="UTF-8"?>
<!-- Generated by org.testng.reporters.JUnitReportReporter -->
<testsuite skipped="0" hostname="SELENIUM" name="com.durgasoft.selenium.testng.programs.DynamicWebCalender" tests="1" failures="0" timestamp="08 Oct 2018 14:14:53 GMT" time="26.429" errors="0">
  <testcase name="f" time="26.429" classname="com.durgasoft.selenium.testng.programs.DynamicWebCalender"/>
</testsuite> <!-- com.durgasoft.selenium.testng.programs.DynamicWebCalender -->
