<?xml version="1.0" encoding="UTF-8"?>
<!-- Generated by org.testng.reporters.JUnitReportReporter -->
<testsuite skipped="0" hostname="SELENIUM" name="com.durgasoft.selenium.testng.programs.Notification_Firefox_UserProfile" tests="1" failures="0" timestamp="10 Sep 2018 13:53:37 GMT" time="17.867" errors="0">
  <testcase name="notificationAlertsBySeleniumCreatedProfile" time="17.867" classname="com.durgasoft.selenium.testng.programs.Notification_Firefox_UserProfile"/>
</testsuite> <!-- com.durgasoft.selenium.testng.programs.Notification_Firefox_UserProfile -->
