<?xml version="1.0" encoding="UTF-8"?>
<!-- Generated by org.testng.reporters.JUnitReportReporter -->
<testsuite skipped="0" hostname="SELENIUM" name="com.durgasoft.selenium.testng.programs.BBC_MoreDD" tests="1" failures="0" timestamp="03 Sep 2018 13:38:00 GMT" time="9.219" errors="0">
  <testcase name="f" time="9.219" classname="com.durgasoft.selenium.testng.programs.BBC_MoreDD"/>
</testsuite> <!-- com.durgasoft.selenium.testng.programs.BBC_MoreDD -->
