<?xml version="1.0" encoding="UTF-8"?>
<!-- Generated by org.testng.reporters.JUnitReportReporter -->
<testsuite skipped="0" hostname="SELENIUM" name="excel.WriteExcelDataByFontStyle" tests="1" failures="0" timestamp="29 Sep 2018 13:53:47 GMT" time="1.157" errors="0">
  <testcase name="f" time="1.157" classname="excel.WriteExcelDataByFontStyle"/>
</testsuite> <!-- excel.WriteExcelDataByFontStyle -->
