<?xml version="1.0" encoding="UTF-8"?>
<!-- Generated by org.testng.reporters.JUnitReportReporter -->
<testsuite skipped="0" hostname="SELENIUM" name="com.durgasoft.selenium.testng.programs.DragNdrop" tests="1" failures="0" timestamp="21 Sep 2018 13:11:57 GMT" time="0.360" errors="0">
  <testcase name="f" time="0.360" classname="com.durgasoft.selenium.testng.programs.DragNdrop"/>
</testsuite> <!-- com.durgasoft.selenium.testng.programs.DragNdrop -->
