<?xml version="1.0" encoding="UTF-8"?>
<!-- Generated by org.testng.reporters.JUnitReportReporter -->
<testsuite skipped="0" hostname="SELENIUM" name="com.durgasoft.selenium.testng.programs.ReadExcelDataDriverClass" tests="1" failures="0" timestamp="04 Oct 2018 13:21:19 GMT" time="1.137" errors="0">
  <testcase name="readExcelFile" time="1.137" classname="com.durgasoft.selenium.testng.programs.ReadExcelDataDriverClass"/>
</testsuite> <!-- com.durgasoft.selenium.testng.programs.ReadExcelDataDriverClass -->
