<?xml version="1.0" encoding="UTF-8"?>
<!-- Generated by org.testng.reporters.JUnitReportReporter -->
<testsuite skipped="0" hostname="SELENIUM" name="com.durgasoft.selenium.testng.programs.FaceBook_DD" tests="1" failures="0" timestamp="30 Aug 2018 13:54:00 GMT" time="7.158" errors="0">
  <testcase name="dropdownSelection" time="7.158" classname="com.durgasoft.selenium.testng.programs.FaceBook_DD"/>
</testsuite> <!-- com.durgasoft.selenium.testng.programs.FaceBook_DD -->
