<?xml version="1.0" encoding="UTF-8"?>
<!-- Generated by org.testng.reporters.JUnitReportReporter -->
<testsuite skipped="1" hostname="SELENIUM" name="com.durgasoft.selenium.testng.programs.Echo_CheckBox_Prop" tests="2" failures="0" timestamp="04 Sep 2018 13:11:40 GMT" time="0.899" errors="0">
  <testcase name="selectAllCheckBoxes" time="0.899" classname="com.durgasoft.selenium.testng.programs.Echo_CheckBox_Prop"/>
  <testcase name="checkBoxProperties" classname="com.durgasoft.selenium.testng.programs.Echo_CheckBox_Prop">
    <skipped/>
  </testcase> <!-- checkBoxProperties -->
</testsuite> <!-- com.durgasoft.selenium.testng.programs.Echo_CheckBox_Prop -->
