<?xml version="1.0" encoding="UTF-8"?>
<!-- Generated by org.testng.reporters.JUnitReportReporter -->
<testsuite skipped="0" hostname="SELENIUM" name="excel.HMS_Login_Logout_ExcelAPI" tests="1" failures="0" timestamp="04 Oct 2018 13:45:00 GMT" time="8.184" errors="0">
  <testcase name="f" time="8.184" classname="excel.HMS_Login_Logout_ExcelAPI"/>
</testsuite> <!-- excel.HMS_Login_Logout_ExcelAPI -->
