<?xml version="1.0" encoding="UTF-8"?>
<!-- Generated by org.testng.reporters.JUnitReportReporter -->
<testsuite skipped="0" hostname="SELENIUM" name="com.durgasoft.selenium.testng.programs.RadioButton_Properties" tests="1" failures="0" timestamp="04 Sep 2018 13:25:58 GMT" time="0.932" errors="0">
  <testcase name="f" time="0.932" classname="com.durgasoft.selenium.testng.programs.RadioButton_Properties"/>
</testsuite> <!-- com.durgasoft.selenium.testng.programs.RadioButton_Properties -->
