<?xml version="1.0" encoding="UTF-8"?>
<!-- Generated by org.testng.reporters.JUnitReportReporter -->
<testsuite skipped="0" hostname="SELENIUM" name="com.durgasoft.selenium.testng.programs.ClickLinks_PortionofPlace_Bing" tests="1" failures="0" timestamp="28 Aug 2018 13:42:52 GMT" time="0.608" errors="0">
  <testcase name="linksBing" time="0.608" classname="com.durgasoft.selenium.testng.programs.ClickLinks_PortionofPlace_Bing"/>
</testsuite> <!-- com.durgasoft.selenium.testng.programs.ClickLinks_PortionofPlace_Bing -->
