<?xml version="1.0" encoding="UTF-8"?>
<!-- Generated by org.testng.reporters.JUnitReportReporter -->
<testsuite skipped="4" hostname="SELENIUM" name="com.durgasoft.selenium.testng.programs.NormalScreenShot" tests="5" failures="0" timestamp="17 Sep 2018 13:52:00 GMT" time="14.327" errors="0">
  <testcase name="passedScreenshot" time="14.327" classname="com.durgasoft.selenium.testng.programs.NormalScreenShot"/>
  <testcase name="blindScreenShot" classname="com.durgasoft.selenium.testng.programs.NormalScreenShot">
    <skipped/>
  </testcase> <!-- blindScreenShot -->
  <testcase name="functionalBasedScreenshot" classname="com.durgasoft.selenium.testng.programs.NormalScreenShot">
    <skipped/>
  </testcase> <!-- functionalBasedScreenshot -->
  <testcase name="dateNTimeScreenshot" classname="com.durgasoft.selenium.testng.programs.NormalScreenShot">
    <skipped/>
  </testcase> <!-- dateNTimeScreenshot -->
  <testcase name="conditionBasedScreenshot" classname="com.durgasoft.selenium.testng.programs.NormalScreenShot">
    <skipped/>
  </testcase> <!-- conditionBasedScreenshot -->
</testsuite> <!-- com.durgasoft.selenium.testng.programs.NormalScreenShot -->
