<?xml version="1.0" encoding="UTF-8"?>
<!-- Generated by org.testng.reporters.JUnitReportReporter -->
<testsuite skipped="0" hostname="SELENIUM" name="com.durgasoft.selenium.testng.programs.NotificationALers_Chrome" tests="1" failures="0" timestamp="10 Sep 2018 13:16:00 GMT" time="0.013" errors="0">
  <testcase name="f" time="0.013" classname="com.durgasoft.selenium.testng.programs.NotificationALers_Chrome"/>
</testsuite> <!-- com.durgasoft.selenium.testng.programs.NotificationALers_Chrome -->
