<?xml version="1.0" encoding="UTF-8"?>
<!-- Generated by org.testng.reporters.JUnitReportReporter -->
<testsuite skipped="0" hostname="SELENIUM" name="com.durgasoft.selenium.testng.programs.BootStrapAlert_RedBus" tests="1" failures="0" timestamp="07 Sep 2018 12:57:13 GMT" time="20.757" errors="0">
  <testcase name="f" time="20.757" classname="com.durgasoft.selenium.testng.programs.BootStrapAlert_RedBus"/>
</testsuite> <!-- com.durgasoft.selenium.testng.programs.BootStrapAlert_RedBus -->
