<?xml version="1.0" encoding="UTF-8"?>
<!-- Generated by org.testng.reporters.JUnitReportReporter -->
<testsuite skipped="0" hostname="SELENIUM" name="com.durgasoft.selenium.testng.programs.BBC_Links" tests="1" failures="0" timestamp="28 Aug 2018 14:15:51 GMT" time="181.150" errors="0">
  <testcase name="f" time="181.150" classname="com.durgasoft.selenium.testng.programs.BBC_Links"/>
</testsuite> <!-- com.durgasoft.selenium.testng.programs.BBC_Links -->
