<?xml version="1.0" encoding="UTF-8"?>
<!-- Generated by org.testng.reporters.JUnitReportReporter -->
<testsuite skipped="0" hostname="SELENIUM" name="com.durgasoft.selenium.testng.programs.Jequery_Dropdown" tests="1" failures="0" timestamp="03 Sep 2018 13:58:19 GMT" time="0.886" errors="0">
  <testcase name="f" time="0.886" classname="com.durgasoft.selenium.testng.programs.Jequery_Dropdown"/>
</testsuite> <!-- com.durgasoft.selenium.testng.programs.Jequery_Dropdown -->
