<?xml version="1.0" encoding="UTF-8"?>
<!-- Generated by org.testng.reporters.JUnitReportReporter -->
<testsuite skipped="0" hostname="SELENIUM" name="com.durgasoft.selenium.testng.programs.ExplicitWait" tests="1" failures="0" timestamp="03 Sep 2018 13:06:54 GMT" time="6.859" errors="0">
  <testcase name="f" time="6.859" classname="com.durgasoft.selenium.testng.programs.ExplicitWait"/>
</testsuite> <!-- com.durgasoft.selenium.testng.programs.ExplicitWait -->
