<?xml version="1.0" encoding="UTF-8"?>
<!-- Generated by org.testng.reporters.JUnitReportReporter -->
<testsuite skipped="0" hostname="SELENIUM" name="excel.MapWithDataProvider" tests="4" failures="0" timestamp="11 Oct 2018 13:31:21 GMT" time="0.088" errors="0">
  <testcase name="test" time="0.000" classname="excel.MapWithDataProvider"/>
  <testcase name="test" time="0.072" classname="excel.MapWithDataProvider"/>
  <testcase name="test" time="0.000" classname="excel.MapWithDataProvider"/>
  <testcase name="test" time="0.016" classname="excel.MapWithDataProvider"/>
</testsuite> <!-- excel.MapWithDataProvider -->
