<?xml version="1.0" encoding="UTF-8"?>
<!-- Generated by org.testng.reporters.JUnitReportReporter -->
<testsuite skipped="0" hostname="SELENIUM" name="com.durgasoft.ecommerce.homePage.TC001_CustomerRegistration" tests="1" failures="0" timestamp="12 Nov 2018 14:22:26 GMT" time="51.676" errors="0">
  <testcase name="customerRegistration" time="51.676" classname="com.durgasoft.ecommerce.homePage.TC001_CustomerRegistration"/>
</testsuite> <!-- com.durgasoft.ecommerce.homePage.TC001_CustomerRegistration -->
